<?xml version="1.0" encoding="UTF-8"?>
<coverage generated="1483365481138" clover="3.2.0">
	<project timestamp="1483365481138"  name="All Files" >
		<metrics statements="29"  coveredstatements="28"  conditionals="4"  coveredconditionals="4"  methods="0"  coveredmethods="0"  elements="33"  coveredelements="32"  complexity="0"  packages="5"  files="6"  classes="6"  loc="75"  ncloc="75" />
		<package name="todolist" >
			<metrics statements="3"  coveredstatements="3"  conditionals="0"  coveredconditionals="0"  methods="0"  coveredmethods="0" />
			<file name="bookshelf.js"  path="/home/paul/node_projects/todolist/bookshelf.js" >
				<metrics statements="2"  coveredstatements="2"  conditionals="0"  coveredconditionals="0"  methods="0"  coveredmethods="0" />
				<line num="1"  count="1"  type="stmt" />
				<line num="4"  count="1"  type="stmt" />
			</file>
			<file name="knexfile.js"  path="/home/paul/node_projects/todolist/knexfile.js" >
				<metrics statements="1"  coveredstatements="1"  conditionals="0"  coveredconditionals="0"  methods="0"  coveredmethods="0" />
				<line num="3"  count="1"  type="stmt" />
			</file>
		</package>
		<package name="todolist.collections" >
			<metrics statements="4"  coveredstatements="4"  conditionals="0"  coveredconditionals="0"  methods="0"  coveredmethods="0" />
			<file name="notes.js"  path="/home/paul/node_projects/todolist/collections/notes.js" >
				<metrics statements="4"  coveredstatements="4"  conditionals="0"  coveredconditionals="0"  methods="0"  coveredmethods="0" />
				<line num="1"  count="1"  type="stmt" />
				<line num="2"  count="1"  type="stmt" />
				<line num="4"  count="1"  type="stmt" />
				<line num="8"  count="1"  type="stmt" />
			</file>
		</package>
		<package name="todolist.controllers" >
			<metrics statements="8"  coveredstatements="7"  conditionals="0"  coveredconditionals="0"  methods="0"  coveredmethods="0" />
			<file name="notes.js"  path="/home/paul/node_projects/todolist/controllers/notes.js" >
				<metrics statements="8"  coveredstatements="7"  conditionals="0"  coveredconditionals="0"  methods="0"  coveredmethods="0" />
				<line num="3"  count="1"  type="stmt" />
				<line num="5"  count="1"  type="stmt" />
				<line num="7"  count="1"  type="stmt" />
				<line num="10"  count="1"  type="stmt" />
				<line num="13"  count="1"  type="stmt" />
				<line num="15"  count="1"  type="stmt" />
				<line num="21"  count="0"  type="stmt" />
				<line num="25"  count="1"  type="stmt" />
			</file>
		</package>
		<package name="todolist.lib" >
			<metrics statements="11"  coveredstatements="11"  conditionals="4"  coveredconditionals="4"  methods="0"  coveredmethods="0" />
			<file name="notes.js"  path="/home/paul/node_projects/todolist/lib/notes.js" >
				<metrics statements="11"  coveredstatements="11"  conditionals="4"  coveredconditionals="4"  methods="0"  coveredmethods="0" />
				<line num="3"  count="1"  type="stmt" />
				<line num="4"  count="1"  type="stmt" />
				<line num="5"  count="1"  type="stmt" />
				<line num="6"  count="1"  type="stmt" />
				<line num="8"  count="1"  type="stmt" />
				<line num="10"  count="2"  type="stmt" />
				<line num="13"  count="2"  type="cond"  truecount="4"  falsecount="0" />
				<line num="14"  count="1"  type="stmt" />
				<line num="21"  count="1"  type="stmt" />
				<line num="24"  count="1"  type="stmt" />
				<line num="28"  count="1"  type="stmt" />
			</file>
		</package>
		<package name="todolist.models" >
			<metrics statements="3"  coveredstatements="3"  conditionals="0"  coveredconditionals="0"  methods="0"  coveredmethods="0" />
			<file name="notes.js"  path="/home/paul/node_projects/todolist/models/notes.js" >
				<metrics statements="3"  coveredstatements="3"  conditionals="0"  coveredconditionals="0"  methods="0"  coveredmethods="0" />
				<line num="1"  count="1"  type="stmt" />
				<line num="3"  count="1"  type="stmt" />
				<line num="7"  count="1"  type="stmt" />
			</file>
		</package>
	</project>
</coverage>
