TN:
SF:/home/paul/node_projects/todolist/lib/notes.js
FNF:0
FNH:0
DA:3,1
DA:4,1
DA:5,1
DA:6,1
DA:8,1
DA:10,2
DA:13,2
DA:14,1
DA:21,1
DA:24,1
DA:28,1
LF:11
LH:11
BRDA:13,1,0,1
BRDA:13,1,1,1
BRDA:13,2,0,2
BRDA:13,2,1,1
BRF:4
BRH:4
end_of_record
TN:
SF:/home/paul/node_projects/todolist/collections/notes.js
FNF:0
FNH:0
DA:1,1
DA:2,1
DA:4,1
DA:8,1
LF:4
LH:4
BRF:0
BRH:0
end_of_record
TN:
SF:/home/paul/node_projects/todolist/bookshelf.js
FNF:0
FNH:0
DA:1,1
DA:4,1
LF:2
LH:2
BRF:0
BRH:0
end_of_record
TN:
SF:/home/paul/node_projects/todolist/knexfile.js
FNF:0
FNH:0
DA:3,1
LF:1
LH:1
BRF:0
BRH:0
end_of_record
TN:
SF:/home/paul/node_projects/todolist/models/notes.js
FNF:0
FNH:0
DA:1,1
DA:3,1
DA:7,1
LF:3
LH:3
BRF:0
BRH:0
end_of_record
TN:
SF:/home/paul/node_projects/todolist/controllers/notes.js
FNF:0
FNH:0
DA:3,1
DA:5,1
DA:7,1
DA:10,1
DA:13,1
DA:15,1
DA:21,0
DA:25,1
LF:8
LH:7
BRF:0
BRH:0
end_of_record
